0 info it worked if it ends with ok
1 verbose cli [ 'C:\\program files\\nodejs\\node.exe',
1 verbose cli   'C:\\program files\\nodejs\\node_modules\\npm\\bin\\npm-cli.js',
1 verbose cli   'run',
1 verbose cli   'lite' ]
2 info using npm@3.10.10
3 info using node@v6.10.1
4 verbose run-script [ 'prelite', 'lite', 'postlite' ]
5 info lifecycle angular2-google-chart@1.1.3~prelite: angular2-google-chart@1.1.3
6 silly lifecycle angular2-google-chart@1.1.3~prelite: no script for prelite, continuing
7 info lifecycle angular2-google-chart@1.1.3~lite: angular2-google-chart@1.1.3
8 verbose lifecycle angular2-google-chart@1.1.3~lite: unsafe-perm in lifecycle true
9 verbose lifecycle angular2-google-chart@1.1.3~lite: PATH: C:\program files\nodejs\node_modules\npm\bin\node-gyp-bin;C:\Carlos.Siches\Github\angular2-google-chart\node_modules\.bin;C:\program files\nodejs\node_modules\npm\bin\node-gyp-bin;C:\Carlos.Siches\Github\angular2-google-chart\node_modules\.bin;C:\ProgramData\Oracle\Java\javapath;C:\Program Files (x86)\Intel\iCLS Client\;C:\Program Files\Intel\iCLS Client\;C:\Windows\system32;C:\Windows;C:\Windows\System32\Wbem;C:\Windows\System32\WindowsPowerShell\v1.0\;C:\Program Files (x86)\Intel\Intel(R) Management Engine Components\DAL;C:\Program Files\Intel\Intel(R) Management Engine Components\DAL;C:\Program Files (x86)\Intel\Intel(R) Management Engine Components\IPT;C:\Program Files\Intel\Intel(R) Management Engine Components\IPT;C:\Program Files (x86)\Microsoft SQL Server\100\Tools\Binn\VSShell\Common7\IDE\;C:\Program Files (x86)\Microsoft SQL Server\100\Tools\Binn\;C:\Program Files\Microsoft SQL Server\100\Tools\Binn\;C:\Program Files (x86)\Microsoft SQL Server\100\DTS\Binn\;C:\Program Files (x86)\Sennheiser\SoftphoneSDK\;C:\Program Files\Microsoft SQL Server\100\DTS\Binn\;C:\Program Files (x86)\Microsoft Visual Studio 9.0\Common7\IDE\PrivateAssemblies\;C:\Program Files\Microsoft\Web Platform Installer\;C:\Program Files (x86)\Microsoft ASP.NET\ASP.NET Web Pages\v1.0\;C:\Program Files (x86)\Windows Kits\8.0\Windows Performance Toolkit\;C:\Program Files\Microsoft SQL Server\110\Tools\Binn\;C:\Program Files (x86)\WebEx\Productivity Tools;C:\Program Files (x86)\Microsoft Team Foundation Server 2012 Power Tools\;C:\Program Files (x86)\Microsoft Team Foundation Server 2012 Power Tools\Best Practices Analyzer\;C:\Program Files\Git\cmd;C:\Program Files\Amazon\AWSCLI\;C:\Program Files (x86)\PuTTY\;C:\Program Files (x86)\scala\bin;C:\Program Files\nodejs\;C:\Users\v504295\AppData\Local\Continuum\Anaconda3;C:\Users\v504295\AppData\Local\Continuum\Anaconda3\Scripts;C:\Users\v504295\AppData\Local\Continuum\Anaconda3\Library\bin;;C:\Program Files (x86)\Microsoft VS Code\bin;C:\Users\v504295\AppData\Roaming\npm
10 verbose lifecycle angular2-google-chart@1.1.3~lite: CWD: C:\Carlos.Siches\Github\angular2-google-chart
11 silly lifecycle angular2-google-chart@1.1.3~lite: Args: [ '/d /s /c', 'lite-server' ]
12 silly lifecycle angular2-google-chart@1.1.3~lite: Returned: code: 3  signal: null
13 info lifecycle angular2-google-chart@1.1.3~lite: Failed to exec lite script
14 verbose stack Error: angular2-google-chart@1.1.3 lite: `lite-server`
14 verbose stack Exit status 3
14 verbose stack     at EventEmitter.<anonymous> (C:\program files\nodejs\node_modules\npm\lib\utils\lifecycle.js:255:16)
14 verbose stack     at emitTwo (events.js:106:13)
14 verbose stack     at EventEmitter.emit (events.js:191:7)
14 verbose stack     at ChildProcess.<anonymous> (C:\program files\nodejs\node_modules\npm\lib\utils\spawn.js:40:14)
14 verbose stack     at emitTwo (events.js:106:13)
14 verbose stack     at ChildProcess.emit (events.js:191:7)
14 verbose stack     at maybeClose (internal/child_process.js:886:16)
14 verbose stack     at Process.ChildProcess._handle.onexit (internal/child_process.js:226:5)
15 verbose pkgid angular2-google-chart@1.1.3
16 verbose cwd C:\Carlos.Siches\Github\angular2-google-chart
17 error Windows_NT 6.1.7601
18 error argv "C:\\program files\\nodejs\\node.exe" "C:\\program files\\nodejs\\node_modules\\npm\\bin\\npm-cli.js" "run" "lite"
19 error node v6.10.1
20 error npm  v3.10.10
21 error code ELIFECYCLE
22 error angular2-google-chart@1.1.3 lite: `lite-server`
22 error Exit status 3
23 error Failed at the angular2-google-chart@1.1.3 lite script 'lite-server'.
23 error Make sure you have the latest version of node.js and npm installed.
23 error If you do, this is most likely a problem with the angular2-google-chart package,
23 error not with npm itself.
23 error Tell the author that this fails on your system:
23 error     lite-server
23 error You can get information on how to open an issue for this project with:
23 error     npm bugs angular2-google-chart
23 error Or if that isn't available, you can get their info via:
23 error     npm owner ls angular2-google-chart
23 error There is likely additional logging output above.
24 verbose exit [ 1, true ]
